<?xml version="1.0" encoding="UTF-8"?>
<testng-results ignored="0" total="1" passed="1" failed="0" skipped="0">
  <reporter-output>
  </reporter-output>
  <suite started-at="2025-02-11T18:39:34 IST" name="All Test Suite" finished-at="2025-02-11T18:39:47 IST" duration-ms="12115">
    <groups>
      <group name="Master">
        <method signature="TC001_AccountRegistrationTest.verify_Account_Registration()[pri:0, instance:testCases.TC001_AccountRegistrationTest@3e11f9e9]" name="verify_Account_Registration" class="testCases.TC001_AccountRegistrationTest"/>
      </group> <!-- Master -->
      <group name="Regression">
        <method signature="TC001_AccountRegistrationTest.verify_Account_Registration()[pri:0, instance:testCases.TC001_AccountRegistrationTest@3e11f9e9]" name="verify_Account_Registration" class="testCases.TC001_AccountRegistrationTest"/>
      </group> <!-- Regression -->
    </groups>
    <test started-at="2025-02-11T18:39:34 IST" name="test" finished-at="2025-02-11T18:39:47 IST" duration-ms="12115">
      <class name="testCases.TC001_AccountRegistrationTest">
        <test-method is-config="true" signature="setup(java.lang.String,java.lang.String)[pri:0, instance:testCases.TC001_AccountRegistrationTest@3e11f9e9]" started-at="2025-02-11T18:39:35 IST" name="setup" finished-at="2025-02-11T18:39:44 IST" duration-ms="8798" status="PASS">
          <params>
            <param index="0">
              <value>
                <![CDATA[Windows]]>
              </value>
            </param>
            <param index="1">
              <value>
                <![CDATA[chrome]]>
              </value>
            </param>
          </params>
          <reporter-output>
          </reporter-output>
        </test-method> <!-- setup -->
        <test-method signature="verify_Account_Registration()[pri:0, instance:testCases.TC001_AccountRegistrationTest@3e11f9e9]" started-at="2025-02-11T18:39:44 IST" name="verify_Account_Registration" finished-at="2025-02-11T18:39:46 IST" duration-ms="2622" status="PASS">
          <reporter-output>
          </reporter-output>
        </test-method> <!-- verify_Account_Registration -->
        <test-method is-config="true" signature="tearDown()[pri:0, instance:testCases.TC001_AccountRegistrationTest@3e11f9e9]" started-at="2025-02-11T18:39:46 IST" name="tearDown" finished-at="2025-02-11T18:39:47 IST" duration-ms="284" status="PASS">
          <reporter-output>
          </reporter-output>
        </test-method> <!-- tearDown -->
      </class> <!-- testCases.TC001_AccountRegistrationTest -->
    </test> <!-- test -->
  </suite> <!-- All Test Suite -->
</testng-results>
